  [1m[36m (0.9ms)[0m  [1mCREATE TABLE "schema_migrations" ("version" varchar(255) NOT NULL) [0m
  [1m[35m (0.3ms)[0m  select sqlite_version(*)
  [1m[36m (0.6ms)[0m  [1mCREATE UNIQUE INDEX "unique_schema_migrations" ON "schema_migrations" ("version")[0m
  [1m[35mActiveRecord::SchemaMigration Load (0.1ms)[0m  SELECT "schema_migrations".* FROM "schema_migrations"
Migrating to CreateAccesses (20140908031417)
  [1m[36m (0.0ms)[0m  [1mbegin transaction[0m
  [1m[35m (0.9ms)[0m  CREATE TABLE "accesses" ("id" INTEGER PRIMARY KEY AUTOINCREMENT NOT NULL, "group_id" integer NOT NULL, "controllerName" varchar(255) NOT NULL, "actionName" varchar(255) NOT NULL, "created_at" datetime, "updated_at" datetime) 
  [1m[36mSQL (0.3ms)[0m  [1mINSERT INTO "schema_migrations" ("version") VALUES (?)[0m  [["version", "20140908031417"]]
  [1m[35m (0.6ms)[0m  commit transaction
Migrating to CreateAddresses (20140908031717)
  [1m[36m (0.1ms)[0m  [1mbegin transaction[0m
  [1m[35m (0.3ms)[0m  CREATE TABLE "addresses" ("id" INTEGER PRIMARY KEY AUTOINCREMENT NOT NULL, "numberStreet" varchar(255) NOT NULL, "complement" varchar(255), "street" varchar(255) NOT NULL, "city" varchar(255) NOT NULL, "country" varchar(255) NOT NULL, "zipcode" varchar(255) NOT NULL, "created_at" datetime, "updated_at" datetime) 
  [1m[36mSQL (0.1ms)[0m  [1mINSERT INTO "schema_migrations" ("version") VALUES (?)[0m  [["version", "20140908031717"]]
  [1m[35m (0.8ms)[0m  commit transaction
Migrating to CreateAlbums (20140908031727)
  [1m[36m (0.1ms)[0m  [1mbegin transaction[0m
  [1m[35m (0.4ms)[0m  CREATE TABLE "albums" ("id" INTEGER PRIMARY KEY AUTOINCREMENT NOT NULL, "user_id" integer NOT NULL, "title" varchar(255) NOT NULL, "style" varchar(255) NOT NULL, "price" float NOT NULL, "file" varchar(255) NOT NULL, "yearProd" integer NOT NULL, "created_at" datetime, "updated_at" datetime) 
  [1m[36mSQL (0.1ms)[0m  [1mINSERT INTO "schema_migrations" ("version") VALUES (?)[0m  [["version", "20140908031727"]]
  [1m[35m (0.8ms)[0m  commit transaction
Migrating to CreateAlbumNotes (20140908031735)
  [1m[36m (0.0ms)[0m  [1mbegin transaction[0m
  [1m[35m (0.3ms)[0m  CREATE TABLE "album_notes" ("id" INTEGER PRIMARY KEY AUTOINCREMENT NOT NULL, "user_id" integer NOT NULL, "album_id" integer NOT NULL, "value" integer NOT NULL, "created_at" datetime, "updated_at" datetime) 
  [1m[36mSQL (0.1ms)[0m  [1mINSERT INTO "schema_migrations" ("version") VALUES (?)[0m  [["version", "20140908031735"]]
  [1m[35m (0.6ms)[0m  commit transaction
Migrating to CreateAttachments (20140908031742)
  [1m[36m (0.0ms)[0m  [1mbegin transaction[0m
  [1m[35m (0.3ms)[0m  CREATE TABLE "attachments" ("id" INTEGER PRIMARY KEY AUTOINCREMENT NOT NULL, "url" varchar(255) NOT NULL, "file_size" integer NOT NULL, "content_type" varchar(255) NOT NULL, "created_at" datetime, "updated_at" datetime) 
  [1m[36mSQL (0.1ms)[0m  [1mINSERT INTO "schema_migrations" ("version") VALUES (?)[0m  [["version", "20140908031742"]]
  [1m[35m (0.6ms)[0m  commit transaction
Migrating to CreateBattles (20140908031749)
  [1m[36m (0.0ms)[0m  [1mbegin transaction[0m
  [1m[35m (0.3ms)[0m  CREATE TABLE "battles" ("id" INTEGER PRIMARY KEY AUTOINCREMENT NOT NULL, "date_begin" datetime NOT NULL, "date_end" datetime NOT NULL, "artist_one_id" integer NOT NULL, "artist_two_id" integer NOT NULL, "created_at" datetime, "updated_at" datetime) 
  [1m[36mSQL (0.1ms)[0m  [1mINSERT INTO "schema_migrations" ("version") VALUES (?)[0m  [["version", "20140908031749"]]
  [1m[35m (0.6ms)[0m  commit transaction
Migrating to CreateCarts (20140908031754)
  [1m[36m (0.0ms)[0m  [1mbegin transaction[0m
  [1m[35m (0.3ms)[0m  CREATE TABLE "carts" ("id" INTEGER PRIMARY KEY AUTOINCREMENT NOT NULL, "user_id" integer NOT NULL, "typeObj" varchar(255) NOT NULL, "obj_id" integer NOT NULL, "gift" boolean NOT NULL, "created_at" datetime, "updated_at" datetime) 
  [1m[36mSQL (0.1ms)[0m  [1mINSERT INTO "schema_migrations" ("version") VALUES (?)[0m  [["version", "20140908031754"]]
  [1m[35m (0.7ms)[0m  commit transaction
Migrating to CreateCommentaries (20140908031803)
  [1m[36m (0.0ms)[0m  [1mbegin transaction[0m
  [1m[35m (0.3ms)[0m  CREATE TABLE "commentaries" ("id" INTEGER PRIMARY KEY AUTOINCREMENT NOT NULL, "author_id" integer NOT NULL, "content" text NOT NULL, "create_at" datetime NOT NULL, "created_at" datetime, "updated_at" datetime) 
  [1m[36mSQL (0.1ms)[0m  [1mINSERT INTO "schema_migrations" ("version") VALUES (?)[0m  [["version", "20140908031803"]]
  [1m[35m (0.6ms)[0m  commit transaction
Migrating to CreateConcerts (20140908031812)
  [1m[36m (0.0ms)[0m  [1mbegin transaction[0m
  [1m[35m (0.3ms)[0m  CREATE TABLE "concerts" ("id" INTEGER PRIMARY KEY AUTOINCREMENT NOT NULL, "user_id" integer NOT NULL, "planification" datetime NOT NULL, "address_id" integer NOT NULL, "url" varchar(255), "created_at" datetime, "updated_at" datetime) 
  [1m[36mSQL (0.1ms)[0m  [1mINSERT INTO "schema_migrations" ("version") VALUES (?)[0m  [["version", "20140908031812"]]
  [1m[35m (0.6ms)[0m  commit transaction
Migrating to CreateDescriptions (20140908031818)
  [1m[36m (0.0ms)[0m  [1mbegin transaction[0m
  [1m[35m (0.2ms)[0m  CREATE TABLE "descriptions" ("id" INTEGER PRIMARY KEY AUTOINCREMENT NOT NULL, "description" text NOT NULL, "language" varchar(255) NOT NULL, "created_at" datetime, "updated_at" datetime) 
  [1m[36mSQL (0.1ms)[0m  [1mINSERT INTO "schema_migrations" ("version") VALUES (?)[0m  [["version", "20140908031818"]]
  [1m[35m (0.6ms)[0m  commit transaction
Migrating to CreateGenres (20140908031826)
  [1m[36m (0.1ms)[0m  [1mbegin transaction[0m
  [1m[35m (0.4ms)[0m  CREATE TABLE "genres" ("id" INTEGER PRIMARY KEY AUTOINCREMENT NOT NULL, "style_name" varchar(255) NOT NULL, "color_name" varchar(255) NOT NULL, "color_hexa" varchar(255) NOT NULL, "created_at" datetime, "updated_at" datetime) 
  [1m[36mSQL (0.1ms)[0m  [1mINSERT INTO "schema_migrations" ("version") VALUES (?)[0m  [["version", "20140908031826"]]
  [1m[35m (0.5ms)[0m  commit transaction
Migrating to CreateFlacs (20140908031831)
  [1m[36m (0.0ms)[0m  [1mbegin transaction[0m
  [1m[35m (0.3ms)[0m  CREATE TABLE "flacs" ("id" INTEGER PRIMARY KEY AUTOINCREMENT NOT NULL, "music_id" integer NOT NULL, "file" varchar(255) NOT NULL, "created_at" datetime, "updated_at" datetime) 
  [1m[36mSQL (0.1ms)[0m  [1mINSERT INTO "schema_migrations" ("version") VALUES (?)[0m  [["version", "20140908031831"]]
  [1m[35m (0.4ms)[0m  commit transaction
Migrating to CreateGifts (20140908031837)
  [1m[36m (0.0ms)[0m  [1mbegin transaction[0m
  [1m[35m (0.3ms)[0m  CREATE TABLE "gifts" ("id" INTEGER PRIMARY KEY AUTOINCREMENT NOT NULL, "to_user" integer NOT NULL, "from_user" integer NOT NULL, "typeObj" varchar(255) NOT NULL, "obj_id" integer NOT NULL, "created_at" datetime, "updated_at" datetime) 
  [1m[36mSQL (0.2ms)[0m  [1mINSERT INTO "schema_migrations" ("version") VALUES (?)[0m  [["version", "20140908031837"]]
  [1m[35m (0.6ms)[0m  commit transaction
Migrating to CreateGroups (20140908031843)
  [1m[36m (0.0ms)[0m  [1mbegin transaction[0m
  [1m[35m (0.3ms)[0m  CREATE TABLE "groups" ("id" INTEGER PRIMARY KEY AUTOINCREMENT NOT NULL, "name" varchar(255) NOT NULL, "created_at" datetime, "updated_at" datetime) 
  [1m[36mSQL (0.1ms)[0m  [1mINSERT INTO "schema_migrations" ("version") VALUES (?)[0m  [["version", "20140908031843"]]
  [1m[35m (0.7ms)[0m  commit transaction
Migrating to CreateInfluences (20140908031851)
  [1m[36m (0.0ms)[0m  [1mbegin transaction[0m
  [1m[35m (0.3ms)[0m  CREATE TABLE "influences" ("id" INTEGER PRIMARY KEY AUTOINCREMENT NOT NULL, "name" varchar(255) NOT NULL, "created_at" datetime, "updated_at" datetime) 
  [1m[36mSQL (0.1ms)[0m  [1mINSERT INTO "schema_migrations" ("version") VALUES (?)[0m  [["version", "20140908031851"]]
  [1m[35m (0.6ms)[0m  commit transaction
Migrating to CreateListenings (20140908031857)
  [1m[36m (0.1ms)[0m  [1mbegin transaction[0m
  [1m[35m (0.3ms)[0m  CREATE TABLE "listenings" ("id" INTEGER PRIMARY KEY AUTOINCREMENT NOT NULL, "user_id" integer NOT NULL, "music_id" integer NOT NULL, "when" datetime NOT NULL, "latitude" float NOT NULL, "longitude" float NOT NULL, "created_at" datetime, "updated_at" datetime) 
  [1m[36mSQL (0.1ms)[0m  [1mINSERT INTO "schema_migrations" ("version") VALUES (?)[0m  [["version", "20140908031857"]]
  [1m[35m (0.6ms)[0m  commit transaction
Migrating to CreateMessages (20140908031903)
  [1m[36m (0.1ms)[0m  [1mbegin transaction[0m
  [1m[35m (0.3ms)[0m  CREATE TABLE "messages" ("id" INTEGER PRIMARY KEY AUTOINCREMENT NOT NULL, "msg" text NOT NULL, "user_id" integer NOT NULL, "dest_id" integer NOT NULL, "session" varchar(255) NOT NULL, "created_at" datetime, "updated_at" datetime) 
  [1m[36mSQL (0.1ms)[0m  [1mINSERT INTO "schema_migrations" ("version") VALUES (?)[0m  [["version", "20140908031903"]]
  [1m[35m (0.6ms)[0m  commit transaction
Migrating to CreateMusics (20140908031907)
  [1m[36m (0.0ms)[0m  [1mbegin transaction[0m
  [1m[35m (0.3ms)[0m  CREATE TABLE "musics" ("id" INTEGER PRIMARY KEY AUTOINCREMENT NOT NULL, "user_id" integer NOT NULL, "album_id" integer NOT NULL, "title" varchar(255) NOT NULL, "duration" integer NOT NULL, "style" varchar(255) NOT NULL, "price" float NOT NULL, "file" varchar(255) NOT NULL, "limited" boolean NOT NULL, "created_at" datetime, "updated_at" datetime) 
  [1m[36mSQL (0.1ms)[0m  [1mINSERT INTO "schema_migrations" ("version") VALUES (?)[0m  [["version", "20140908031907"]]
  [1m[35m (0.7ms)[0m  commit transaction
Migrating to CreateMusicNotes (20140908031912)
  [1m[36m (0.0ms)[0m  [1mbegin transaction[0m
  [1m[35m (0.3ms)[0m  CREATE TABLE "music_notes" ("id" INTEGER PRIMARY KEY AUTOINCREMENT NOT NULL, "user_id" integer NOT NULL, "album_id" integer NOT NULL, "value" integer NOT NULL, "created_at" datetime, "updated_at" datetime) 
  [1m[36mSQL (0.1ms)[0m  [1mINSERT INTO "schema_migrations" ("version") VALUES (?)[0m  [["version", "20140908031912"]]
  [1m[35m (0.6ms)[0m  commit transaction
Migrating to CreateNews (20140908031917)
  [1m[36m (0.0ms)[0m  [1mbegin transaction[0m
  [1m[35m (0.3ms)[0m  CREATE TABLE "news" ("id" INTEGER PRIMARY KEY AUTOINCREMENT NOT NULL, "title" varchar(255) NOT NULL, "date" datetime NOT NULL, "author_id" integer NOT NULL, "created_at" datetime, "updated_at" datetime) 
  [1m[36mSQL (0.1ms)[0m  [1mINSERT INTO "schema_migrations" ("version") VALUES (?)[0m  [["version", "20140908031917"]]
  [1m[35m (0.6ms)[0m  commit transaction
Migrating to CreateNewstexts (20140908031924)
  [1m[36m (0.0ms)[0m  [1mbegin transaction[0m
  [1m[35m (0.3ms)[0m  CREATE TABLE "newstexts" ("id" INTEGER PRIMARY KEY AUTOINCREMENT NOT NULL, "content" text NOT NULL, "title" varchar(255) NOT NULL, "language" varchar(255) NOT NULL, "news_id" integer NOT NULL, "created_at" datetime, "updated_at" datetime) 
  [1m[36mSQL (0.1ms)[0m  [1mINSERT INTO "schema_migrations" ("version") VALUES (?)[0m  [["version", "20140908031924"]]
  [1m[35m (0.5ms)[0m  commit transaction
Migrating to CreateNotifications (20140908031928)
  [1m[36m (0.0ms)[0m  [1mbegin transaction[0m
  [1m[35m (0.3ms)[0m  CREATE TABLE "notifications" ("id" INTEGER PRIMARY KEY AUTOINCREMENT NOT NULL, "user_id" integer NOT NULL, "link" varchar(255) NOT NULL, "description" varchar(255) NOT NULL, "created_at" datetime, "updated_at" datetime) 
  [1m[36mSQL (0.1ms)[0m  [1mINSERT INTO "schema_migrations" ("version") VALUES (?)[0m  [["version", "20140908031928"]]
  [1m[35m (0.6ms)[0m  commit transaction
Migrating to CreatePacks (20140908031934)
  [1m[36m (0.0ms)[0m  [1mbegin transaction[0m
  [1m[35m (0.3ms)[0m  CREATE TABLE "packs" ("id" INTEGER PRIMARY KEY AUTOINCREMENT NOT NULL, "title" varchar(255) NOT NULL, "style" varchar(255) NOT NULL, "created_at" datetime, "updated_at" datetime) 
  [1m[36mSQL (0.1ms)[0m  [1mINSERT INTO "schema_migrations" ("version") VALUES (?)[0m  [["version", "20140908031934"]]
  [1m[35m (0.6ms)[0m  commit transaction
Migrating to CreatePlaylists (20140908031941)
  [1m[36m (0.0ms)[0m  [1mbegin transaction[0m
  [1m[35m (0.3ms)[0m  CREATE TABLE "playlists" ("id" INTEGER PRIMARY KEY AUTOINCREMENT NOT NULL, "user_id" integer NOT NULL, "name" varchar(255) NOT NULL, "created_at" datetime, "updated_at" datetime) 
  [1m[36mSQL (0.1ms)[0m  [1mINSERT INTO "schema_migrations" ("version") VALUES (?)[0m  [["version", "20140908031941"]]
  [1m[35m (0.7ms)[0m  commit transaction
Migrating to CreatePropositions (20140908031947)
  [1m[36m (0.0ms)[0m  [1mbegin transaction[0m
  [1m[35m (0.3ms)[0m  CREATE TABLE "propositions" ("id" INTEGER PRIMARY KEY AUTOINCREMENT NOT NULL, "artist_id" integer NOT NULL, "album_id" integer NOT NULL, "state" integer NOT NULL, "date_posted" datetime NOT NULL, "created_at" datetime, "updated_at" datetime) 
  [1m[36mSQL (0.1ms)[0m  [1mINSERT INTO "schema_migrations" ("version") VALUES (?)[0m  [["version", "20140908031947"]]
  [1m[35m (0.7ms)[0m  commit transaction
Migrating to CreatePurchases (20140908031955)
  [1m[36m (0.0ms)[0m  [1mbegin transaction[0m
  [1m[35m (0.3ms)[0m  CREATE TABLE "purchases" ("id" INTEGER PRIMARY KEY AUTOINCREMENT NOT NULL, "user_id" integer NOT NULL, "typeObj" varchar(255) NOT NULL, "obj_id" integer NOT NULL, "date" datetime NOT NULL, "created_at" datetime, "updated_at" datetime) 
  [1m[36mSQL (0.1ms)[0m  [1mINSERT INTO "schema_migrations" ("version") VALUES (?)[0m  [["version", "20140908031955"]]
  [1m[35m (0.7ms)[0m  commit transaction
Migrating to CreateTags (20140908032001)
  [1m[36m (0.0ms)[0m  [1mbegin transaction[0m
  [1m[35m (0.3ms)[0m  CREATE TABLE "tags" ("id" INTEGER PRIMARY KEY AUTOINCREMENT NOT NULL, "tag" varchar(255) NOT NULL, "news_id" integer NOT NULL, "created_at" datetime, "updated_at" datetime) 
  [1m[36mSQL (0.1ms)[0m  [1mINSERT INTO "schema_migrations" ("version") VALUES (?)[0m  [["version", "20140908032001"]]
  [1m[35m (0.6ms)[0m  commit transaction
Migrating to CreateTweets (20140908032006)
  [1m[36m (0.1ms)[0m  [1mbegin transaction[0m
  [1m[35m (0.4ms)[0m  CREATE TABLE "tweets" ("id" INTEGER PRIMARY KEY AUTOINCREMENT NOT NULL, "msg" text NOT NULL, "user_id" varchar(255) NOT NULL, "created_at" datetime, "updated_at" datetime) 
  [1m[36mSQL (0.1ms)[0m  [1mINSERT INTO "schema_migrations" ("version") VALUES (?)[0m  [["version", "20140908032006"]]
  [1m[35m (0.5ms)[0m  commit transaction
Migrating to CreateVotes (20140908032014)
  [1m[36m (0.0ms)[0m  [1mbegin transaction[0m
  [1m[35m (0.3ms)[0m  CREATE TABLE "votes" ("id" INTEGER PRIMARY KEY AUTOINCREMENT NOT NULL, "user_id" integer NOT NULL, "battle_id" integer NOT NULL, "artist_id" integer NOT NULL, "created_at" datetime, "updated_at" datetime) 
  [1m[36mSQL (0.1ms)[0m  [1mINSERT INTO "schema_migrations" ("version") VALUES (?)[0m  [["version", "20140908032014"]]
  [1m[35m (0.5ms)[0m  commit transaction
Migrating to CreateUsers (20140908032020)
  [1m[36m (0.1ms)[0m  [1mbegin transaction[0m
  [1m[35m (0.8ms)[0m  CREATE TABLE "users" ("id" INTEGER PRIMARY KEY AUTOINCREMENT NOT NULL, "email" varchar(255) NOT NULL, "password" varchar(255) NOT NULL, "salt" varchar(255) NOT NULL, "fname" varchar(255), "lname" varchar(255), "username" varchar(255) NOT NULL, "birthday" date NOT NULL, "image" varchar(255) NOT NULL, "description" text, "phoneNumber" varchar(255), "adress_id" integer, "facebook" varchar(255), "twitter" varchar(255), "googlePlus" varchar(255), "signin" datetime NOT NULL, "idAPI" varchar(255) NOT NULL, "secureKey" varchar(255) NOT NULL, "activated" boolean NOT NULL, "newsletter" boolean NOT NULL, "language" varchar(255) NOT NULL, "created_at" datetime, "updated_at" datetime) 
  [1m[36mSQL (0.1ms)[0m  [1mINSERT INTO "schema_migrations" ("version") VALUES (?)[0m  [["version", "20140908032020"]]
  [1m[35m (0.8ms)[0m  commit transaction
Migrating to CreateAssignment (20140908032027)
  [1m[36m (0.0ms)[0m  [1mbegin transaction[0m
  [1m[35m (0.3ms)[0m  CREATE TABLE "follows" ("user_id" integer NOT NULL, "follow_id" integer NOT NULL) 
  [1m[36m (0.1ms)[0m  [1mCREATE TABLE "commentaries_albums" ("commentary_id" integer NOT NULL, "album_id" integer NOT NULL) [0m
  [1m[35m (0.1ms)[0m  CREATE TABLE "commentaries_musics" ("commentary_id" integer NOT NULL, "music_id" integer NOT NULL) 
  [1m[36m (0.1ms)[0m  [1mCREATE TABLE "commentaries_news" ("commentary_id" integer NOT NULL, "news_id" integer NOT NULL) [0m
  [1m[35m (0.2ms)[0m  CREATE TABLE "descriptions_albums" ("description_id" integer NOT NULL, "album_id" integer NOT NULL) 
  [1m[36m (0.1ms)[0m  [1mCREATE TABLE "descriptions_musics" ("description_id" integer NOT NULL, "music_id" integer NOT NULL) [0m
  [1m[35m (0.1ms)[0m  CREATE TABLE "descriptions_influences" ("description_id" integer NOT NULL, "influence_id" integer NOT NULL) 
  [1m[36m (0.1ms)[0m  [1mCREATE TABLE "descriptions_genres" ("description_id" integer NOT NULL, "genre_id" integer NOT NULL) [0m
  [1m[35m (0.1ms)[0m  CREATE TABLE "friends" ("user_id" integer NOT NULL, "friend_id" integer NOT NULL) 
  [1m[36m (0.1ms)[0m  [1mCREATE TABLE "influences_genres" ("influence_id" integer NOT NULL, "genre_id" integer NOT NULL) [0m
  [1m[35m (0.1ms)[0m  CREATE TABLE "news_attachments" ("news_id" integer NOT NULL, "attachment_id" integer NOT NULL) 
  [1m[36m (0.1ms)[0m  [1mCREATE TABLE "packs_albums" ("album_id" integer NOT NULL, "pack_id" integer NOT NULL) [0m
  [1m[35m (0.1ms)[0m  CREATE TABLE "playlists_musics" ("music_id" integer NOT NULL, "playlist_id" integer NOT NULL) 
  [1m[36m (0.2ms)[0m  [1mCREATE TABLE "users_groups" ("user_id" integer NOT NULL, "group_id" integer NOT NULL) [0m
  [1m[35mSQL (0.1ms)[0m  INSERT INTO "schema_migrations" ("version") VALUES (?)  [["version", "20140908032027"]]
  [1m[36m (1.0ms)[0m  [1mcommit transaction[0m
Migrating to CreateActiveAdminComments (20140908145942)
  [1m[35m (0.0ms)[0m  begin transaction
  [1m[36m (0.3ms)[0m  [1mCREATE TABLE "active_admin_comments" ("id" INTEGER PRIMARY KEY AUTOINCREMENT NOT NULL, "namespace" varchar(255), "body" text, "resource_id" varchar(255) NOT NULL, "resource_type" varchar(255) NOT NULL, "author_id" integer, "author_type" varchar(255), "created_at" datetime, "updated_at" datetime) [0m
  [1m[35m (0.1ms)[0m  CREATE  INDEX "index_active_admin_comments_on_namespace" ON "active_admin_comments" ("namespace")
  [1m[36m (0.1ms)[0m  [1m            SELECT sql
            FROM sqlite_master
            WHERE name='index_active_admin_comments_on_namespace' AND type='index'
            UNION ALL
            SELECT sql
            FROM sqlite_temp_master
            WHERE name='index_active_admin_comments_on_namespace' AND type='index'
[0m
  [1m[35m (0.1ms)[0m  CREATE  INDEX "index_active_admin_comments_on_author_type_and_author_id" ON "active_admin_comments" ("author_type", "author_id")
  [1m[36m (0.1ms)[0m  [1m            SELECT sql
            FROM sqlite_master
            WHERE name='index_active_admin_comments_on_author_type_and_author_id' AND type='index'
            UNION ALL
            SELECT sql
            FROM sqlite_temp_master
            WHERE name='index_active_admin_comments_on_author_type_and_author_id' AND type='index'
[0m
  [1m[35m (0.1ms)[0m              SELECT sql
            FROM sqlite_master
            WHERE name='index_active_admin_comments_on_namespace' AND type='index'
            UNION ALL
            SELECT sql
            FROM sqlite_temp_master
            WHERE name='index_active_admin_comments_on_namespace' AND type='index'

  [1m[36m (0.2ms)[0m  [1mCREATE  INDEX "index_active_admin_comments_on_resource_type_and_resource_id" ON "active_admin_comments" ("resource_type", "resource_id")[0m
  [1m[35mSQL (0.1ms)[0m  INSERT INTO "schema_migrations" ("version") VALUES (?)  [["version", "20140908145942"]]
  [1m[36m (0.9ms)[0m  [1mcommit transaction[0m
Migrating to DeviseCreateAdminUsers (20140908150137)
  [1m[35m (0.0ms)[0m  begin transaction
  [1m[36m (0.4ms)[0m  [1mCREATE TABLE "admin_users" ("id" INTEGER PRIMARY KEY AUTOINCREMENT NOT NULL, "email" varchar(255) DEFAULT '' NOT NULL, "encrypted_password" varchar(255) DEFAULT '' NOT NULL, "reset_password_token" varchar(255), "reset_password_sent_at" datetime, "remember_created_at" datetime, "sign_in_count" integer DEFAULT 0 NOT NULL, "current_sign_in_at" datetime, "last_sign_in_at" datetime, "current_sign_in_ip" varchar(255), "last_sign_in_ip" varchar(255), "created_at" datetime, "updated_at" datetime) [0m
  [1m[35m (1.1ms)[0m  CREATE UNIQUE INDEX "index_admin_users_on_email" ON "admin_users" ("email")
  [1m[36m (0.1ms)[0m  [1m            SELECT sql
            FROM sqlite_master
            WHERE name='index_admin_users_on_email' AND type='index'
            UNION ALL
            SELECT sql
            FROM sqlite_temp_master
            WHERE name='index_admin_users_on_email' AND type='index'
[0m
  [1m[35m (0.1ms)[0m  CREATE UNIQUE INDEX "index_admin_users_on_reset_password_token" ON "admin_users" ("reset_password_token")
  [1m[36mAdminUser Exists (0.1ms)[0m  [1mSELECT  1 AS one FROM "admin_users"  WHERE "admin_users"."email" = 'admin@example.com' LIMIT 1[0m
Binary data inserted for `string` type on column `encrypted_password`
  [1m[35mSQL (0.2ms)[0m  INSERT INTO "admin_users" ("created_at", "email", "encrypted_password", "updated_at") VALUES (?, ?, ?, ?)  [["created_at", "2014-10-30 16:42:59.312405"], ["email", "admin@example.com"], ["encrypted_password", "$2a$10$PEPSadq7CUpgBx8qMu8K4.yszoc7qGCazShcxJVZDu8Vqx/8VEoIW"], ["updated_at", "2014-10-30 16:42:59.312405"]]
  [1m[36mSQL (0.1ms)[0m  [1mINSERT INTO "schema_migrations" ("version") VALUES (?)[0m  [["version", "20140908150137"]]
  [1m[35m (1.1ms)[0m  commit transaction
Migrating to RenameLinkTables (20140909034410)
  [1m[36m (0.1ms)[0m  [1mbegin transaction[0m
  [1m[35m (0.5ms)[0m  ALTER TABLE "commentaries_albums" RENAME TO "albums_commentaries"
  [1m[36m (0.3ms)[0m  [1mALTER TABLE "descriptions_albums" RENAME TO "albums_descriptions"[0m
  [1m[35m (0.2ms)[0m  ALTER TABLE "influences_genres" RENAME TO "genres_influences"
  [1m[36m (0.2ms)[0m  [1mALTER TABLE "news_attachments" RENAME TO "attachments_news"[0m
  [1m[35m (0.2ms)[0m  ALTER TABLE "packs_albums" RENAME TO "albums_packs"
  [1m[36m (0.2ms)[0m  [1mALTER TABLE "playlists_musics" RENAME TO "musics_playlists"[0m
  [1m[35m (0.1ms)[0m  ALTER TABLE "users_groups" RENAME TO "groups_users"
  [1m[36mSQL (0.1ms)[0m  [1mINSERT INTO "schema_migrations" ("version") VALUES (?)[0m  [["version", "20140909034410"]]
  [1m[35m (0.8ms)[0m  commit transaction
Migrating to RemoveCreateAtCommentary (20140913180947)
  [1m[36m (0.0ms)[0m  [1mbegin transaction[0m
  [1m[35m (0.4ms)[0m  CREATE TEMPORARY TABLE "acommentaries" ("id" INTEGER PRIMARY KEY AUTOINCREMENT NOT NULL, "author_id" integer NOT NULL, "content" text NOT NULL, "create_at" datetime NOT NULL, "created_at" datetime, "updated_at" datetime) 
  [1m[36m (0.0ms)[0m  [1mSELECT * FROM "commentaries"[0m
  [1m[35m (0.2ms)[0m  DROP TABLE "commentaries"
  [1m[36m (0.1ms)[0m  [1mCREATE TABLE "commentaries" ("id" INTEGER PRIMARY KEY AUTOINCREMENT NOT NULL, "author_id" integer NOT NULL, "content" text NOT NULL, "created_at" datetime, "updated_at" datetime) [0m
  [1m[35m (0.0ms)[0m  SELECT * FROM "acommentaries"
  [1m[36m (0.2ms)[0m  [1mDROP TABLE "acommentaries"[0m
  [1m[35mSQL (0.1ms)[0m  INSERT INTO "schema_migrations" ("version") VALUES (?)  [["version", "20140913180947"]]
  [1m[36m (1.3ms)[0m  [1mcommit transaction[0m
Migrating to PatchNameUserAddress (20141012054200)
  [1m[35m (0.1ms)[0m  begin transaction
  [1m[36m (0.2ms)[0m  [1mCREATE TEMPORARY TABLE "ausers" ("id" INTEGER PRIMARY KEY AUTOINCREMENT NOT NULL, "email" varchar(255) NOT NULL, "password" varchar(255) NOT NULL, "salt" varchar(255) NOT NULL, "fname" varchar(255), "lname" varchar(255), "username" varchar(255) NOT NULL, "birthday" date NOT NULL, "image" varchar(255) NOT NULL, "description" text, "phoneNumber" varchar(255), "address_id" integer, "facebook" varchar(255), "twitter" varchar(255), "googlePlus" varchar(255), "signin" datetime NOT NULL, "idAPI" varchar(255) NOT NULL, "secureKey" varchar(255) NOT NULL, "activated" boolean NOT NULL, "newsletter" boolean NOT NULL, "language" varchar(255) NOT NULL, "created_at" datetime, "updated_at" datetime) [0m
  [1m[35m (0.1ms)[0m  SELECT * FROM "users"
  [1m[36m (0.2ms)[0m  [1mDROP TABLE "users"[0m
  [1m[35m (0.2ms)[0m  CREATE TABLE "users" ("id" INTEGER PRIMARY KEY AUTOINCREMENT NOT NULL, "email" varchar(255) NOT NULL, "password" varchar(255) NOT NULL, "salt" varchar(255) NOT NULL, "fname" varchar(255), "lname" varchar(255), "username" varchar(255) NOT NULL, "birthday" date NOT NULL, "image" varchar(255) NOT NULL, "description" text, "phoneNumber" varchar(255), "address_id" integer, "facebook" varchar(255), "twitter" varchar(255), "googlePlus" varchar(255), "signin" datetime NOT NULL, "idAPI" varchar(255) NOT NULL, "secureKey" varchar(255) NOT NULL, "activated" boolean NOT NULL, "newsletter" boolean NOT NULL, "language" varchar(255) NOT NULL, "created_at" datetime, "updated_at" datetime) 
  [1m[36m (0.1ms)[0m  [1mSELECT * FROM "ausers"[0m
  [1m[35m (0.1ms)[0m  DROP TABLE "ausers"
  [1m[36mSQL (0.1ms)[0m  [1mINSERT INTO "schema_migrations" ("version") VALUES (?)[0m  [["version", "20141012054200"]]
  [1m[35m (1.4ms)[0m  commit transaction
  [1m[36mActiveRecord::SchemaMigration Load (0.1ms)[0m  [1mSELECT "schema_migrations".* FROM "schema_migrations"[0m
  [1m[35m (0.1ms)[0m              SELECT sql
            FROM sqlite_master
            WHERE name='index_active_admin_comments_on_resource_type_and_resource_id' AND type='index'
            UNION ALL
            SELECT sql
            FROM sqlite_temp_master
            WHERE name='index_active_admin_comments_on_resource_type_and_resource_id' AND type='index'

  [1m[36m (0.1ms)[0m  [1m            SELECT sql
            FROM sqlite_master
            WHERE name='index_active_admin_comments_on_author_type_and_author_id' AND type='index'
            UNION ALL
            SELECT sql
            FROM sqlite_temp_master
            WHERE name='index_active_admin_comments_on_author_type_and_author_id' AND type='index'
[0m
  [1m[35m (0.1ms)[0m              SELECT sql
            FROM sqlite_master
            WHERE name='index_active_admin_comments_on_namespace' AND type='index'
            UNION ALL
            SELECT sql
            FROM sqlite_temp_master
            WHERE name='index_active_admin_comments_on_namespace' AND type='index'

  [1m[36m (0.1ms)[0m  [1m            SELECT sql
            FROM sqlite_master
            WHERE name='index_admin_users_on_reset_password_token' AND type='index'
            UNION ALL
            SELECT sql
            FROM sqlite_temp_master
            WHERE name='index_admin_users_on_reset_password_token' AND type='index'
[0m
  [1m[35m (0.1ms)[0m              SELECT sql
            FROM sqlite_master
            WHERE name='index_admin_users_on_email' AND type='index'
            UNION ALL
            SELECT sql
            FROM sqlite_temp_master
            WHERE name='index_admin_users_on_email' AND type='index'



Started GET "/users/1" for 127.0.0.1 at 2014-10-30 17:43:19 +0100
  [1m[36mActiveRecord::SchemaMigration Load (0.2ms)[0m  [1mSELECT "schema_migrations".* FROM "schema_migrations"[0m
Processing by API::UsersController#show as JSON
  Parameters: {"subdomain"=>"api", "id"=>"1"}
  [1m[35mUser Load (0.2ms)[0m  SELECT  "users".* FROM "users"  WHERE "users"."id" = 1 LIMIT 1
Completed 200 OK in 26ms (Views: 0.2ms | ActiveRecord: 0.6ms)


Started GET "/users/1" for 127.0.0.1 at 2014-10-30 17:44:01 +0100
Processing by API::UsersController#show as JSON
  Parameters: {"subdomain"=>"api", "id"=>"1"}
  [1m[36mUser Load (0.2ms)[0m  [1mSELECT  "users".* FROM "users"  WHERE "users"."id" = 1 LIMIT 1[0m
Completed 200 OK in 2ms (Views: 0.2ms | ActiveRecord: 0.2ms)


Started GET "/users/1" for 127.0.0.1 at 2014-10-30 17:44:05 +0100
Processing by API::UsersController#show as JSON
  Parameters: {"subdomain"=>"api", "id"=>"1"}
  [1m[35mUser Load (0.3ms)[0m  SELECT  "users".* FROM "users"  WHERE "users"."id" = 1 LIMIT 1
Completed 200 OK in 2ms (Views: 0.1ms | ActiveRecord: 0.3ms)


Started GET "/users/1" for 127.0.0.1 at 2014-10-30 17:44:06 +0100
Processing by API::UsersController#show as JSON
  Parameters: {"subdomain"=>"api", "id"=>"1"}
  [1m[36mUser Load (0.5ms)[0m  [1mSELECT  "users".* FROM "users"  WHERE "users"."id" = 1 LIMIT 1[0m
Completed 200 OK in 3ms (Views: 0.1ms | ActiveRecord: 0.5ms)


Started GET "/users/1" for 127.0.0.1 at 2014-10-30 17:44:12 +0100
Processing by API::UsersController#show as JSON
  Parameters: {"subdomain"=>"api", "id"=>"1"}
  [1m[35mUser Load (0.2ms)[0m  SELECT  "users".* FROM "users"  WHERE "users"."id" = 1 LIMIT 1
Completed 200 OK in 1ms (Views: 0.1ms | ActiveRecord: 0.2ms)


Started GET "/users/1" for 127.0.0.1 at 2014-10-30 17:44:16 +0100
Processing by API::UsersController#show as JSON
  Parameters: {"subdomain"=>"api", "id"=>"1"}
  [1m[36mUser Load (0.2ms)[0m  [1mSELECT  "users".* FROM "users"  WHERE "users"."id" = 1 LIMIT 1[0m
Completed 200 OK in 2ms (Views: 0.2ms | ActiveRecord: 0.2ms)


Started GET "/users/1" for 127.0.0.1 at 2014-10-30 17:44:19 +0100
Processing by API::UsersController#show as JSON
  Parameters: {"subdomain"=>"api", "id"=>"1"}
  [1m[35mUser Load (0.2ms)[0m  SELECT  "users".* FROM "users"  WHERE "users"."id" = 1 LIMIT 1
Completed 200 OK in 2ms (Views: 0.1ms | ActiveRecord: 0.2ms)


Started GET "/users/" for 127.0.0.1 at 2014-10-30 17:44:30 +0100
Processing by API::UsersController#index as JSON
  Parameters: {"subdomain"=>"api"}
  [1m[36mUser Load (0.2ms)[0m  [1mSELECT "users".* FROM "users"[0m
Completed 200 OK in 1ms (Views: 0.1ms | ActiveRecord: 0.2ms)


Started GET "/users" for 127.0.0.1 at 2014-10-30 17:44:31 +0100
Processing by API::UsersController#index as JSON
  Parameters: {"subdomain"=>"api"}
  [1m[35mUser Load (0.2ms)[0m  SELECT "users".* FROM "users"
Completed 200 OK in 1ms (Views: 0.1ms | ActiveRecord: 0.2ms)


Started GET "/users" for 127.0.0.1 at 2014-10-30 17:45:32 +0100
Processing by API::UsersController#index as JSON
  Parameters: {"subdomain"=>"api"}
  [1m[36mUser Load (0.3ms)[0m  [1mSELECT "users".* FROM "users"[0m
Completed 200 OK in 2ms (Views: 0.1ms | ActiveRecord: 0.3ms)


Started GET "/users" for 127.0.0.1 at 2014-10-30 17:45:55 +0100
  [1m[36mActiveRecord::SchemaMigration Load (0.2ms)[0m  [1mSELECT "schema_migrations".* FROM "schema_migrations"[0m

ActiveRecord::PendingMigrationError - 

Migrations are pending. To resolve this issue, run:

	bin/rake db:migrate RAILS_ENV=development

:
  activerecord (4.1.1) lib/active_record/migration.rb:389:in `check_pending!'
  activerecord (4.1.1) lib/active_record/migration.rb:377:in `call'
  actionpack (4.1.1) lib/action_dispatch/middleware/callbacks.rb:29:in `block in call'
  activesupport (4.1.1) lib/active_support/callbacks.rb:82:in `run_callbacks'
  actionpack (4.1.1) lib/action_dispatch/middleware/callbacks.rb:27:in `call'
  actionpack (4.1.1) lib/action_dispatch/middleware/reloader.rb:73:in `call'
  actionpack (4.1.1) lib/action_dispatch/middleware/remote_ip.rb:76:in `call'
  better_errors (2.0.0) lib/better_errors/middleware.rb:84:in `protected_app_call'
  better_errors (2.0.0) lib/better_errors/middleware.rb:79:in `better_errors_call'
  better_errors (2.0.0) lib/better_errors/middleware.rb:57:in `call'
  actionpack (4.1.1) lib/action_dispatch/middleware/debug_exceptions.rb:17:in `call'
  actionpack (4.1.1) lib/action_dispatch/middleware/show_exceptions.rb:30:in `call'
  railties (4.1.1) lib/rails/rack/logger.rb:38:in `call_app'
  railties (4.1.1) lib/rails/rack/logger.rb:20:in `block in call'
  activesupport (4.1.1) lib/active_support/tagged_logging.rb:68:in `block in tagged'
  activesupport (4.1.1) lib/active_support/tagged_logging.rb:26:in `tagged'
  activesupport (4.1.1) lib/active_support/tagged_logging.rb:68:in `tagged'
  railties (4.1.1) lib/rails/rack/logger.rb:20:in `call'
  actionpack (4.1.1) lib/action_dispatch/middleware/request_id.rb:21:in `call'
  rack (1.5.2) lib/rack/methodoverride.rb:21:in `call'
  rack (1.5.2) lib/rack/runtime.rb:17:in `call'
  activesupport (4.1.1) lib/active_support/cache/strategy/local_cache_middleware.rb:26:in `call'
  rack (1.5.2) lib/rack/lock.rb:17:in `call'
  actionpack (4.1.1) lib/action_dispatch/middleware/static.rb:64:in `call'
  rack (1.5.2) lib/rack/sendfile.rb:112:in `call'
  railties (4.1.1) lib/rails/engine.rb:514:in `call'
  railties (4.1.1) lib/rails/application.rb:144:in `call'
  rack (1.5.2) lib/rack/content_length.rb:14:in `call'
  unicorn (4.8.3) lib/unicorn/http_server.rb:576:in `process_client'
  unicorn (4.8.3) lib/unicorn/http_server.rb:670:in `worker_loop'
  unicorn (4.8.3) lib/unicorn/http_server.rb:525:in `spawn_missing_workers'
  unicorn (4.8.3) lib/unicorn/http_server.rb:140:in `start'
  unicorn-rails (2.2.0) lib/unicorn_rails.rb:33:in `run'
  rack (1.5.2) lib/rack/server.rb:264:in `start'
  railties (4.1.1) lib/rails/commands/server.rb:69:in `start'
  railties (4.1.1) lib/rails/commands/commands_tasks.rb:81:in `block in server'
  railties (4.1.1) lib/rails/commands/commands_tasks.rb:76:in `server'
  railties (4.1.1) lib/rails/commands/commands_tasks.rb:40:in `run_command!'
  railties (4.1.1) lib/rails/commands.rb:17:in `<top (required)>'
  bin/rails:8:in `<top (required)>'
  spring (1.1.3) lib/spring/client/rails.rb:27:in `call'
  spring (1.1.3) lib/spring/client/command.rb:7:in `call'
  spring (1.1.3) lib/spring/client.rb:26:in `run'
  spring (1.1.3) bin/spring:48:in `<top (required)>'
  spring (1.1.3) lib/spring/binstub.rb:11:in `<top (required)>'
  /usr/local/lib/ruby/site_ruby/2.1.0/rubygems/core_ext/kernel_require.rb:54:in `require'
  bin/spring:16:in `<top (required)>'
  bin/rails:3:in `<main>'



Started POST "/__better_errors/0fc65e09ebab3da5/variables" for 127.0.0.1 at 2014-10-30 17:45:55 +0100
  [1m[36mActiveRecord::SchemaMigration Load (0.2ms)[0m  [1mSELECT "schema_migrations".* FROM "schema_migrations"[0m
Migrating to PatchNameUserAddress (20141012054200)
  [1m[35m (0.1ms)[0m  begin transaction
  [1m[36m (1.2ms)[0m  [1mCREATE TEMPORARY TABLE "ausers" ("id" INTEGER PRIMARY KEY AUTOINCREMENT NOT NULL, "email" varchar(255) NOT NULL, "password" varchar(255) NOT NULL, "salt" varchar(255) NOT NULL, "fname" varchar(255), "lname" varchar(255), "username" varchar(255) NOT NULL, "birthday" date NOT NULL, "image" varchar(255) NOT NULL, "description" text, "phoneNumber" varchar(255), "address_id" integer, "facebook" varchar(255), "twitter" varchar(255), "googlePlus" varchar(255), "signin" datetime NOT NULL, "idAPI" varchar(255) NOT NULL, "secureKey" varchar(255) NOT NULL, "activated" boolean NOT NULL, "newsletter" boolean NOT NULL, "language" varchar(255) NOT NULL, "created_at" datetime, "updated_at" datetime) [0m
  [1m[35m (0.1ms)[0m  SELECT * FROM "users"
  [1m[36m (0.1ms)[0m  [1mINSERT INTO "ausers" ("id","email","password","salt","fname","lname","username","birthday","image","description","phoneNumber","address_id","facebook","twitter","googlePlus","signin","idAPI","secureKey","activated","newsletter","language","created_at","updated_at") VALUES (1, 'maxime.sauvage.14@gmail.com', '5rZesObl', '1', 'Maxime', 'Sauvage', 'maxsvg', '01/01/1989', 'maxsvg.png', NULL, '617474419', 1, NULL, NULL, NULL, 1, '1', '1', 1, 0, 'fr', NULL, NULL)[0m
  [1m[35m (0.1ms)[0m  INSERT INTO "ausers" ("id","email","password","salt","fname","lname","username","birthday","image","description","phoneNumber","address_id","facebook","twitter","googlePlus","signin","idAPI","secureKey","activated","newsletter","language","created_at","updated_at") VALUES (2, 'odesza@gmail.com', 'odesza', '1', 'Mac', 'Macos', 'ODESZA', '01/01/1989', 'odesza.jpg', NULL, NULL, 2, NULL, NULL, NULL, 1, '1', '1', 1, 1, 'fr', NULL, NULL)
  [1m[36m (0.1ms)[0m  [1mINSERT INTO "ausers" ("id","email","password","salt","fname","lname","username","birthday","image","description","phoneNumber","address_id","facebook","twitter","googlePlus","signin","idAPI","secureKey","activated","newsletter","language","created_at","updated_at") VALUES (3, 'dmc@gmail.com', 'password', '1', 'RUN', 'DMC', 'Run DMC', '01/01/1999', 'rundmc.png', NULL, '123456789', 3, NULL, NULL, NULL, 1, '1', '1', 1, 1, 'fr', NULL, NULL)[0m
  [1m[35m (0.1ms)[0m  INSERT INTO "ausers" ("id","email","password","salt","fname","lname","username","birthday","image","description","phoneNumber","address_id","facebook","twitter","googlePlus","signin","idAPI","secureKey","activated","newsletter","language","created_at","updated_at") VALUES (4, 'darius@gmail.com', 'mdp', '1', 'Darius', 'Darius', 'Darius', '01/01/1111', 'darius.jpg', NULL, '123456789', 4, NULL, NULL, NULL, 1, '1', '1', 1, 1, 'fr', NULL, NULL)
  [1m[36m (0.2ms)[0m  [1mDROP TABLE "users"[0m
  [1m[35m (0.2ms)[0m  CREATE TABLE "users" ("id" INTEGER PRIMARY KEY AUTOINCREMENT NOT NULL, "email" varchar(255) NOT NULL, "password" varchar(255) NOT NULL, "salt" varchar(255) NOT NULL, "fname" varchar(255), "lname" varchar(255), "username" varchar(255) NOT NULL, "birthday" date NOT NULL, "image" varchar(255) NOT NULL, "description" text, "phoneNumber" varchar(255), "address_id" integer, "facebook" varchar(255), "twitter" varchar(255), "googlePlus" varchar(255), "signin" datetime NOT NULL, "idAPI" varchar(255) NOT NULL, "secureKey" varchar(255) NOT NULL, "activated" boolean NOT NULL, "newsletter" boolean NOT NULL, "language" varchar(255) NOT NULL, "created_at" datetime, "updated_at" datetime) 
  [1m[36m (0.1ms)[0m  [1mSELECT * FROM "ausers"[0m
  [1m[35m (0.1ms)[0m  INSERT INTO "users" ("id","email","password","salt","fname","lname","username","birthday","image","description","phoneNumber","address_id","facebook","twitter","googlePlus","signin","idAPI","secureKey","activated","newsletter","language","created_at","updated_at") VALUES (1, 'maxime.sauvage.14@gmail.com', '5rZesObl', '1', 'Maxime', 'Sauvage', 'maxsvg', '01/01/1989', 'maxsvg.png', NULL, '617474419', 1, NULL, NULL, NULL, 1, '1', '1', 1, 0, 'fr', NULL, NULL)
  [1m[36m (0.1ms)[0m  [1mINSERT INTO "users" ("id","email","password","salt","fname","lname","username","birthday","image","description","phoneNumber","address_id","facebook","twitter","googlePlus","signin","idAPI","secureKey","activated","newsletter","language","created_at","updated_at") VALUES (2, 'odesza@gmail.com', 'odesza', '1', 'Mac', 'Macos', 'ODESZA', '01/01/1989', 'odesza.jpg', NULL, NULL, 2, NULL, NULL, NULL, 1, '1', '1', 1, 1, 'fr', NULL, NULL)[0m
  [1m[35m (0.1ms)[0m  INSERT INTO "users" ("id","email","password","salt","fname","lname","username","birthday","image","description","phoneNumber","address_id","facebook","twitter","googlePlus","signin","idAPI","secureKey","activated","newsletter","language","created_at","updated_at") VALUES (3, 'dmc@gmail.com', 'password', '1', 'RUN', 'DMC', 'Run DMC', '01/01/1999', 'rundmc.png', NULL, '123456789', 3, NULL, NULL, NULL, 1, '1', '1', 1, 1, 'fr', NULL, NULL)
  [1m[36m (0.1ms)[0m  [1mINSERT INTO "users" ("id","email","password","salt","fname","lname","username","birthday","image","description","phoneNumber","address_id","facebook","twitter","googlePlus","signin","idAPI","secureKey","activated","newsletter","language","created_at","updated_at") VALUES (4, 'darius@gmail.com', 'mdp', '1', 'Darius', 'Darius', 'Darius', '01/01/1111', 'darius.jpg', NULL, '123456789', 4, NULL, NULL, NULL, 1, '1', '1', 1, 1, 'fr', NULL, NULL)[0m
  [1m[35m (0.2ms)[0m  DROP TABLE "ausers"
  [1m[36mSQL (0.3ms)[0m  [1mINSERT INTO "schema_migrations" ("version") VALUES (?)[0m  [["version", "20141012054200"]]
  [1m[35m (0.8ms)[0m  commit transaction
  [1m[36mActiveRecord::SchemaMigration Load (0.1ms)[0m  [1mSELECT "schema_migrations".* FROM "schema_migrations"[0m
  [1m[35m (0.1ms)[0m              SELECT sql
            FROM sqlite_master
            WHERE name='index_active_admin_comments_on_resource_type_and_resource_id' AND type='index'
            UNION ALL
            SELECT sql
            FROM sqlite_temp_master
            WHERE name='index_active_admin_comments_on_resource_type_and_resource_id' AND type='index'

  [1m[36m (0.1ms)[0m  [1m            SELECT sql
            FROM sqlite_master
            WHERE name='index_active_admin_comments_on_author_type_and_author_id' AND type='index'
            UNION ALL
            SELECT sql
            FROM sqlite_temp_master
            WHERE name='index_active_admin_comments_on_author_type_and_author_id' AND type='index'
[0m
  [1m[35m (0.1ms)[0m              SELECT sql
            FROM sqlite_master
            WHERE name='index_active_admin_comments_on_namespace' AND type='index'
            UNION ALL
            SELECT sql
            FROM sqlite_temp_master
            WHERE name='index_active_admin_comments_on_namespace' AND type='index'

  [1m[36m (0.1ms)[0m  [1m            SELECT sql
            FROM sqlite_master
            WHERE name='index_admin_users_on_reset_password_token' AND type='index'
            UNION ALL
            SELECT sql
            FROM sqlite_temp_master
            WHERE name='index_admin_users_on_reset_password_token' AND type='index'
[0m
  [1m[35m (0.1ms)[0m              SELECT sql
            FROM sqlite_master
            WHERE name='index_admin_users_on_email' AND type='index'
            UNION ALL
            SELECT sql
            FROM sqlite_temp_master
            WHERE name='index_admin_users_on_email' AND type='index'



Started GET "/users" for 127.0.0.1 at 2014-10-30 17:46:33 +0100
  [1m[36mActiveRecord::SchemaMigration Load (0.2ms)[0m  [1mSELECT "schema_migrations".* FROM "schema_migrations"[0m
Processing by API::UsersController#index as JSON
  Parameters: {"subdomain"=>"api"}
  [1m[35mUser Load (0.2ms)[0m  SELECT "users".* FROM "users"
  [1m[36mAddress Load (0.2ms)[0m  [1mSELECT  "addresses".* FROM "addresses"  WHERE "addresses"."id" = ? LIMIT 1[0m  [["id", 1]]
  [1m[35mAddress Load (0.1ms)[0m  SELECT  "addresses".* FROM "addresses"  WHERE "addresses"."id" = ? LIMIT 1  [["id", 2]]
  [1m[36mAddress Load (0.1ms)[0m  [1mSELECT  "addresses".* FROM "addresses"  WHERE "addresses"."id" = ? LIMIT 1[0m  [["id", 3]]
  [1m[35mAddress Load (0.1ms)[0m  SELECT  "addresses".* FROM "addresses"  WHERE "addresses"."id" = ? LIMIT 1  [["id", 4]]
Completed 200 OK in 51ms (Views: 0.2ms | ActiveRecord: 2.0ms)


Started GET "/users/" for 127.0.0.1 at 2014-10-30 17:47:18 +0100
Processing by API::UsersController#index as JSON
  Parameters: {"subdomain"=>"api"}
  [1m[36mUser Load (0.5ms)[0m  [1mSELECT "users".* FROM "users"[0m
  [1m[35mAddress Load (0.2ms)[0m  SELECT  "addresses".* FROM "addresses"  WHERE "addresses"."id" = ? LIMIT 1  [["id", 1]]
  [1m[36mAddress Load (0.1ms)[0m  [1mSELECT  "addresses".* FROM "addresses"  WHERE "addresses"."id" = ? LIMIT 1[0m  [["id", 2]]
  [1m[35mAddress Load (0.1ms)[0m  SELECT  "addresses".* FROM "addresses"  WHERE "addresses"."id" = ? LIMIT 1  [["id", 3]]
  [1m[36mAddress Load (0.1ms)[0m  [1mSELECT  "addresses".* FROM "addresses"  WHERE "addresses"."id" = ? LIMIT 1[0m  [["id", 4]]
Completed 200 OK in 8ms (Views: 0.1ms | ActiveRecord: 1.0ms)


Started GET "/" for 127.0.0.1 at 2014-10-30 17:47:19 +0100
Processing by Rails::WelcomeController#index as HTML
  Rendered /usr/local/lib/ruby/gems/2.1.0/gems/railties-4.1.1/lib/rails/templates/rails/welcome/index.html.erb (2.4ms)
Completed 200 OK in 13ms (Views: 11.9ms | ActiveRecord: 0.0ms)


Started GET "/packs" for 127.0.0.1 at 2014-10-30 17:47:19 +0100
Processing by API::PacksController#index as JSON
  Parameters: {"subdomain"=>"api"}
  [1m[35mPack Load (0.2ms)[0m  SELECT "packs".* FROM "packs"
Completed 200 OK in 6ms (Views: 0.2ms | ActiveRecord: 0.4ms)
